<?xml version="1.0" encoding="UTF-8"?>
<!-- Generated by org.testng.reporters.JUnitReportReporter -->
<testsuite hostname="DESKTOP-8DI6H6V" failures="0" tests="1" name="run.runSmoke" time="47.889" errors="0" timestamp="2021-06-23T03:44:23 IST" skipped="0">
  <testcase classname="run.runSmoke" name="runSmokeTest" time="47.889"/>
  <system-out/>
</testsuite> <!-- run.runSmoke -->
